<?xml version="1.0" encoding="UTF-8"?>
<!-- Generated by org.testng.reporters.JUnitReportReporter -->
<testsuite hostname="Anant" failures="0" tests="7" name="tokenization.Tokenization_API" time="8.359" errors="0" timestamp="2025-01-16T20:03:12 IST" skipped="0">
  <testcase classname="tokenization.Tokenization_API" name="saveToken" time="3.062"/>
  <system-out/>
  <testcase classname="tokenization.Tokenization_API" name="verifyToken" time="1.152"/>
  <system-out/>
  <testcase classname="tokenization.Tokenization_API" name="getToken" time="0.533"/>
  <system-out/>
  <testcase classname="tokenization.Tokenization_API" name="saveAcquirerToken" time="0.400"/>
  <system-out/>
  <testcase classname="tokenization.Tokenization_API" name="verifyAcquirerToken" time="1.010"/>
  <system-out/>
  <testcase classname="tokenization.Tokenization_API" name="getAcquirerToken" time="0.494"/>
  <system-out/>
  <testcase classname="tokenization.Tokenization_API" name="deleteAcquirerToken" time="1.708"/>
  <system-out/>
</testsuite> <!-- tokenization.Tokenization_API -->
