<?xml version="1.0" encoding="UTF-8"?>
<!-- Generated by org.testng.reporters.JUnitReportReporter -->
<testsuite hostname="Anant" failures="0" tests="1" name="payment.Payment_API" time="3.416" errors="0" timestamp="2025-01-16T13:34:20 IST" skipped="0">
  <testcase classname="payment.Payment_API" name="pluginDetails" time="3.416"/>
  <system-out/>
</testsuite> <!-- payment.Payment_API -->
