<?xml version="1.0" encoding="UTF-8"?>
<!-- Generated by org.testng.reporters.JUnitReportReporter -->
<testsuite hostname="Anant" failures="0" tests="1" name="backOffice.BackOffice_API" time="4.258" errors="0" timestamp="2025-01-17T19:08:51 IST" skipped="0">
  <testcase classname="backOffice.BackOffice_API" name="transactionReport" time="4.258"/>
  <system-out/>
</testsuite> <!-- backOffice.BackOffice_API -->
